2021-07-06 14:49:56,625:INFO:PyCaret Supervised Module
2021-07-06 14:49:56,625:INFO:ML Usecase: regression
2021-07-06 14:49:56,625:INFO:version 2.3.1
2021-07-06 14:49:56,625:INFO:Initializing setup()
2021-07-06 14:49:56,625:INFO:setup(display=None, profile_kwargs=None, profile=False, verbose=True, silent=False, log_data=False, log_profile=False, log_plots=False, experiment_name=None, log_experiment=False, session_id=42, html=True, custom_pipeline=None, use_gpu=False, n_jobs=-1, fold_groups=None, fold_shuffle=False, fold=3, fold_strategy=timeseries, data_split_stratify=False, data_split_shuffle=True, transform_target_method=box-cox, transform_target=True, fix_imbalance_method=None, fix_imbalance=False, interaction_threshold=0.01, feature_ratio=False, feature_interaction=False, feature_selection_method=classic, feature_selection_threshold=0.8, feature_selection=False, group_names=None, group_features=None, polynomial_threshold=0.1, trigonometry_features=False, polynomial_degree=2, polynomial_features=False, cluster_iter=20, create_clusters=False, remove_perfect_collinearity=True, multicollinearity_threshold=0.9, remove_multicollinearity=False, outliers_threshold=0.05, remove_outliers=False, bin_numeric_features=None, rare_level_threshold=0.1, combine_rare_levels=False, ignore_low_variance=False, pca_components=None, pca_method=linear, pca=False, unknown_categorical_method=least_frequent, handle_unknown_categorical=True, transformation_method=yeo-johnson, transformation=False, normalize_method=zscore, normalize=False, ignore_features=None, date_features=None, numeric_iterative_imputer=lightgbm, numeric_imputation=mean, numeric_features=['last_updatedYear', 'last_updatedMonth', 'last_updatedWeek', 'last_updatedDay', 'last_updatedDayofweek', 'last_updatedDayofyear'], high_cardinality_method=frequency, high_cardinality_features=None, ordinal_features=None, categorical_iterative_imputer=lightgbm, categorical_imputation=constant, categorical_features=None, iterative_imputation_iters=5, imputation_type=simple, preprocess=True, test_data=    price500  price300  price150  last_updatedYear  last_updatedMonth  \
43  2.185231  2.190644  2.222736              2021                  1   
44  2.159423  2.162279  2.189983              2021                  1   
45  2.214472  2.215584  2.242933              2021                  1   
46  2.189063  2.200944  2.239114              2021                  1   
47  2.192880  2.203272  2.229063              2021                  1   
48  2.240619  2.239704  2.259700              2021                  1   
49  2.196687  2.204184  2.236054              2021                  1   
50  2.237869  2.241588  2.264971              2021                  1   
51  2.198803  2.208394  2.239507              2021                  1   
52  2.214565  2.221368  2.242284              2021                  1   
53  2.226100  2.223536  2.249612              2021                  1   
54  2.166854  2.181980  2.210180              2021                  1   
55  2.362286  2.324375  2.346875              2021                  1   
56  2.503600  2.456333  2.486333              2021                  4   
57  2.220000  2.260000  2.340000              2021                  6   
58  2.631545  2.628857  2.648857              2021                  7   
59  2.602725  2.583241  2.608561              2021                  7   
60  2.578708  2.551000  2.578074              2021                  7   

    last_updatedWeek  last_updatedDay  last_updatedDayofweek  \
43                 2               13                      2   
44                 2               14                      3   
45                 2               15                      4   
46                 2               16                      5   
47                 2               17                      6   
48                 3               18                      0   
49                 3               19                      1   
50                 3               20                      2   
51                 3               21                      3   
52                 3               22                      4   
53                 3               23                      5   
54                 3               24                      6   
55                 4               27                      2   
56                15               16                      4   
57                26               28                      0   
58                26                2                      4   
59                27                5                      0   
60                27                6                      1   

    last_updatedDayofyear  last_updatedIs_month_end  \
43                     13                     False   
44                     14                     False   
45                     15                     False   
46                     16                     False   
47                     17                     False   
48                     18                     False   
49                     19                     False   
50                     20                     False   
51                     21                     False   
52                     22                     False   
53                     23                     False   
54                     24                     False   
55                     27                     False   
56                    106                     False   
57                    179                     False   
58                    183                     False   
59                    186                     False   
60                    187                     False   

    last_updatedIs_month_start  last_updatedIs_quarter_end  \
43                       False                       False   
44                       False                       False   
45                       False                       False   
46                       False                       False   
47                       False                       False   
48                       False                       False   
49                       False                       False   
50                       False                       False   
51                       False                       False   
52                       False                       False   
53                       False                       False   
54                       False                       False   
55                       False                       False   
56                       False                       False   
57                       False                       False   
58                       False                       False   
59                       False                       False   
60                       False                       False   

    last_updatedIs_quarter_start  last_updatedIs_year_end  \
43                         False                    False   
44                         False                    False   
45                         False                    False   
46                         False                    False   
47                         False                    False   
48                         False                    False   
49                         False                    False   
50                         False                    False   
51                         False                    False   
52                         False                    False   
53                         False                    False   
54                         False                    False   
55                         False                    False   
56                         False                    False   
57                         False                    False   
58                         False                    False   
59                         False                    False   
60                         False                    False   

    last_updatedIs_year_start  last_updatedElapsed  
43                      False         1.610496e+09  
44                      False         1.610582e+09  
45                      False         1.610669e+09  
46                      False         1.610755e+09  
47                      False         1.610842e+09  
48                      False         1.610928e+09  
49                      False         1.611014e+09  
50                      False         1.611101e+09  
51                      False         1.611187e+09  
52                      False         1.611274e+09  
53                      False         1.611360e+09  
54                      False         1.611446e+09  
55                      False         1.611706e+09  
56                      False         1.618531e+09  
57                      False         1.624838e+09  
58                      False         1.625184e+09  
59                      False         1.625443e+09  
60                      False         1.625530e+09  , train_size=0.7, available_plots={'parameter': 'Hyperparameters', 'residuals': 'Residuals', 'error': 'Prediction Error', 'cooks': 'Cooks Distance', 'rfe': 'Feature Selection', 'learning': 'Learning Curve', 'manifold': 'Manifold Learning', 'vc': 'Validation Curve', 'feature': 'Feature Importance', 'feature_all': 'Feature Importance (All)', 'tree': 'Decision Tree', 'residuals_interactive': 'Interactive Residuals'}, ml_usecase=regression, target=price500)
2021-07-06 14:49:56,626:INFO:Checking environment
2021-07-06 14:49:56,626:INFO:python_version: 3.6.13
2021-07-06 14:49:56,626:INFO:python_build: ('default', 'Feb 23 2021 12:58:59')
2021-07-06 14:49:56,626:INFO:machine: x86_64
2021-07-06 14:49:56,656:INFO:platform: Darwin-20.5.0-x86_64-i386-64bit
2021-07-06 14:49:56,954:INFO:Memory: svmem(total=17179869184, available=5606699008, percent=67.4, used=8406073344, free=47583232, active=5555216384, inactive=5223555072, wired=2850856960)
2021-07-06 14:49:56,954:INFO:Physical Core: 6
2021-07-06 14:49:56,954:INFO:Logical Core: 12
2021-07-06 14:49:56,954:INFO:Checking libraries
2021-07-06 14:49:56,954:INFO:pd==1.1.5
2021-07-06 14:49:56,954:INFO:numpy==1.19.5
2021-07-06 14:49:56,954:INFO:sklearn==0.23.2
2021-07-06 14:49:56,954:INFO:lightgbm==3.2.1
2021-07-06 14:49:57,457:INFO:catboost==0.26
2021-07-06 14:49:57,722:INFO:xgboost==1.4.2
2021-07-06 14:49:57,997:INFO:mlflow==1.18.0
2021-07-06 14:49:57,997:INFO:Checking Exceptions
2021-07-06 14:49:57,997:INFO:Declaring global variables
2021-07-06 14:49:57,997:INFO:USI: 31d7
2021-07-06 14:49:57,997:INFO:pycaret_globals: {'y_train', 'display_container', 'fold_param', 'master_model_container', 'imputation_classifier', '_gpu_n_jobs_param', 'experiment__', 'fix_imbalance_method_param', 'target_param', 'exp_name_log', 'fold_generator', 'fold_groups_param', '_internal_pipeline', 'transform_target_param', 'create_model_container', 'html_param', 'imputation_regressor', 'X_test', 'fix_imbalance_param', 'X', 'y_test', '_ml_usecase', 'y', '_all_models', 'pycaret_globals', 'USI', 'data_before_preprocess', 'seed', 'transform_target_method_param', 'log_plots_param', 'gpu_param', 'n_jobs_param', 'X_train', '_available_plots', 'iterative_imputation_iters_param', 'stratify_param', 'fold_groups_param_full', 'prep_pipe', '_all_models_internal', 'logging_param', 'fold_shuffle_param', '_all_metrics'}
2021-07-06 14:49:57,998:INFO:Preparing display monitor
2021-07-06 14:49:57,998:INFO:Preparing display monitor
2021-07-06 14:49:58,022:INFO:Importing libraries
2021-07-06 14:49:58,023:INFO:Copying data for preprocessing
2021-07-06 14:49:58,031:INFO:Declaring preprocessing parameters
2021-07-06 14:49:58,034:INFO:Creating preprocessing pipeline
2021-07-06 14:49:58,046:INFO:Preprocessing pipeline created successfully
2021-07-06 14:49:58,046:ERROR:(Process Exit): setup has been interupted with user command 'quit'. setup must rerun.
2021-07-06 14:49:58,046:INFO:Creating global containers
2021-07-06 14:49:58,048:INFO:Internal pipeline: Pipeline(memory=None, steps=[('empty_step', 'passthrough')], verbose=False)
2021-07-06 14:52:29,156:INFO:PyCaret Supervised Module
2021-07-06 14:52:29,156:INFO:ML Usecase: regression
2021-07-06 14:52:29,157:INFO:version 2.3.1
2021-07-06 14:52:29,157:INFO:Initializing setup()
2021-07-06 14:52:29,157:INFO:setup(display=None, profile_kwargs=None, profile=False, verbose=True, silent=False, log_data=False, log_profile=False, log_plots=False, experiment_name=None, log_experiment=False, session_id=42, html=True, custom_pipeline=None, use_gpu=False, n_jobs=-1, fold_groups=None, fold_shuffle=False, fold=3, fold_strategy=timeseries, data_split_stratify=False, data_split_shuffle=True, transform_target_method=box-cox, transform_target=True, fix_imbalance_method=None, fix_imbalance=False, interaction_threshold=0.01, feature_ratio=False, feature_interaction=False, feature_selection_method=classic, feature_selection_threshold=0.8, feature_selection=False, group_names=None, group_features=None, polynomial_threshold=0.1, trigonometry_features=False, polynomial_degree=2, polynomial_features=False, cluster_iter=20, create_clusters=False, remove_perfect_collinearity=True, multicollinearity_threshold=0.9, remove_multicollinearity=False, outliers_threshold=0.05, remove_outliers=False, bin_numeric_features=None, rare_level_threshold=0.1, combine_rare_levels=False, ignore_low_variance=False, pca_components=None, pca_method=linear, pca=False, unknown_categorical_method=least_frequent, handle_unknown_categorical=True, transformation_method=yeo-johnson, transformation=False, normalize_method=zscore, normalize=False, ignore_features=None, date_features=None, numeric_iterative_imputer=lightgbm, numeric_imputation=mean, numeric_features=['last_updatedYear', 'last_updatedMonth', 'last_updatedDay'], high_cardinality_method=frequency, high_cardinality_features=None, ordinal_features=None, categorical_iterative_imputer=lightgbm, categorical_imputation=constant, categorical_features=None, iterative_imputation_iters=5, imputation_type=simple, preprocess=True, test_data=    price500  price300  price150  last_updatedYear  last_updatedMonth  \
43  2.185231  2.190644  2.222736              2021                  1   
44  2.159423  2.162279  2.189983              2021                  1   
45  2.214472  2.215584  2.242933              2021                  1   
46  2.189063  2.200944  2.239114              2021                  1   
47  2.192880  2.203272  2.229063              2021                  1   
48  2.240619  2.239704  2.259700              2021                  1   
49  2.196687  2.204184  2.236054              2021                  1   
50  2.237869  2.241588  2.264971              2021                  1   
51  2.198803  2.208394  2.239507              2021                  1   
52  2.214565  2.221368  2.242284              2021                  1   
53  2.226100  2.223536  2.249612              2021                  1   
54  2.166854  2.181980  2.210180              2021                  1   
55  2.362286  2.324375  2.346875              2021                  1   
56  2.503600  2.456333  2.486333              2021                  4   
57  2.220000  2.260000  2.340000              2021                  6   
58  2.631545  2.628857  2.648857              2021                  7   
59  2.602725  2.583241  2.608561              2021                  7   
60  2.578708  2.551000  2.578074              2021                  7   

    last_updatedWeek  last_updatedDay  last_updatedDayofweek  \
43                 2               13                      2   
44                 2               14                      3   
45                 2               15                      4   
46                 2               16                      5   
47                 2               17                      6   
48                 3               18                      0   
49                 3               19                      1   
50                 3               20                      2   
51                 3               21                      3   
52                 3               22                      4   
53                 3               23                      5   
54                 3               24                      6   
55                 4               27                      2   
56                15               16                      4   
57                26               28                      0   
58                26                2                      4   
59                27                5                      0   
60                27                6                      1   

    last_updatedDayofyear  last_updatedIs_month_end  \
43                     13                     False   
44                     14                     False   
45                     15                     False   
46                     16                     False   
47                     17                     False   
48                     18                     False   
49                     19                     False   
50                     20                     False   
51                     21                     False   
52                     22                     False   
53                     23                     False   
54                     24                     False   
55                     27                     False   
56                    106                     False   
57                    179                     False   
58                    183                     False   
59                    186                     False   
60                    187                     False   

    last_updatedIs_month_start  last_updatedIs_quarter_end  \
43                       False                       False   
44                       False                       False   
45                       False                       False   
46                       False                       False   
47                       False                       False   
48                       False                       False   
49                       False                       False   
50                       False                       False   
51                       False                       False   
52                       False                       False   
53                       False                       False   
54                       False                       False   
55                       False                       False   
56                       False                       False   
57                       False                       False   
58                       False                       False   
59                       False                       False   
60                       False                       False   

    last_updatedIs_quarter_start  last_updatedIs_year_end  \
43                         False                    False   
44                         False                    False   
45                         False                    False   
46                         False                    False   
47                         False                    False   
48                         False                    False   
49                         False                    False   
50                         False                    False   
51                         False                    False   
52                         False                    False   
53                         False                    False   
54                         False                    False   
55                         False                    False   
56                         False                    False   
57                         False                    False   
58                         False                    False   
59                         False                    False   
60                         False                    False   

    last_updatedIs_year_start  last_updatedElapsed  
43                      False         1.610496e+09  
44                      False         1.610582e+09  
45                      False         1.610669e+09  
46                      False         1.610755e+09  
47                      False         1.610842e+09  
48                      False         1.610928e+09  
49                      False         1.611014e+09  
50                      False         1.611101e+09  
51                      False         1.611187e+09  
52                      False         1.611274e+09  
53                      False         1.611360e+09  
54                      False         1.611446e+09  
55                      False         1.611706e+09  
56                      False         1.618531e+09  
57                      False         1.624838e+09  
58                      False         1.625184e+09  
59                      False         1.625443e+09  
60                      False         1.625530e+09  , train_size=0.7, available_plots={'parameter': 'Hyperparameters', 'residuals': 'Residuals', 'error': 'Prediction Error', 'cooks': 'Cooks Distance', 'rfe': 'Feature Selection', 'learning': 'Learning Curve', 'manifold': 'Manifold Learning', 'vc': 'Validation Curve', 'feature': 'Feature Importance', 'feature_all': 'Feature Importance (All)', 'tree': 'Decision Tree', 'residuals_interactive': 'Interactive Residuals'}, ml_usecase=regression, target=price500)
2021-07-06 14:52:29,157:INFO:Checking environment
2021-07-06 14:52:29,157:INFO:python_version: 3.6.13
2021-07-06 14:52:29,157:INFO:python_build: ('default', 'Feb 23 2021 12:58:59')
2021-07-06 14:52:29,157:INFO:machine: x86_64
2021-07-06 14:52:29,157:INFO:platform: Darwin-20.5.0-x86_64-i386-64bit
2021-07-06 14:52:29,157:INFO:Memory: svmem(total=17179869184, available=5666340864, percent=67.0, used=8413421568, free=87490560, active=5574393856, inactive=4825198592, wired=2839027712)
2021-07-06 14:52:29,157:INFO:Physical Core: 6
2021-07-06 14:52:29,157:INFO:Logical Core: 12
2021-07-06 14:52:29,157:INFO:Checking libraries
2021-07-06 14:52:29,157:INFO:pd==1.1.5
2021-07-06 14:52:29,157:INFO:numpy==1.19.5
2021-07-06 14:52:29,158:INFO:sklearn==0.23.2
2021-07-06 14:52:29,158:INFO:lightgbm==3.2.1
2021-07-06 14:52:29,158:INFO:catboost==0.26
2021-07-06 14:52:29,158:INFO:xgboost==1.4.2
2021-07-06 14:52:29,158:INFO:mlflow==1.18.0
2021-07-06 14:52:29,158:INFO:Checking Exceptions
2021-07-06 14:52:29,158:INFO:Declaring global variables
2021-07-06 14:52:29,158:INFO:USI: 30dc
2021-07-06 14:52:29,158:INFO:pycaret_globals: {'y_train', 'display_container', 'fold_param', 'master_model_container', 'imputation_classifier', '_gpu_n_jobs_param', 'experiment__', 'fix_imbalance_method_param', 'target_param', 'exp_name_log', 'fold_generator', 'fold_groups_param', '_internal_pipeline', 'transform_target_param', 'create_model_container', 'html_param', 'imputation_regressor', 'X_test', 'fix_imbalance_param', 'X', 'y_test', '_ml_usecase', 'y', '_all_models', 'pycaret_globals', 'USI', 'data_before_preprocess', 'seed', 'transform_target_method_param', 'log_plots_param', 'gpu_param', 'n_jobs_param', 'X_train', '_available_plots', 'iterative_imputation_iters_param', 'stratify_param', 'fold_groups_param_full', 'prep_pipe', '_all_models_internal', 'logging_param', 'fold_shuffle_param', '_all_metrics'}
2021-07-06 14:52:29,158:INFO:Preparing display monitor
2021-07-06 14:52:29,158:INFO:Preparing display monitor
2021-07-06 14:52:29,170:INFO:Importing libraries
2021-07-06 14:52:29,170:INFO:Copying data for preprocessing
2021-07-06 14:52:29,177:INFO:Declaring preprocessing parameters
2021-07-06 14:52:29,178:INFO:Creating preprocessing pipeline
2021-07-06 14:52:29,184:INFO:Preprocessing pipeline created successfully
2021-07-06 14:52:29,184:ERROR:(Process Exit): setup has been interupted with user command 'quit'. setup must rerun.
2021-07-06 14:52:29,184:INFO:Creating global containers
2021-07-06 14:52:29,184:INFO:Internal pipeline: Pipeline(memory=None, steps=[('empty_step', 'passthrough')], verbose=False)
2021-07-06 14:52:29,687:INFO:Creating grid variables
2021-07-06 14:52:29,747:INFO:create_model_container: 0
2021-07-06 14:52:29,748:INFO:master_model_container: 0
2021-07-06 14:52:29,748:INFO:display_container: 1
2021-07-06 14:52:29,755:INFO:Pipeline(memory=None,
         steps=[('dtypes',
                 DataTypes_Auto_infer(categorical_features=[],
                                      display_types=True, features_todrop=[],
                                      id_columns=[], ml_usecase='regression',
                                      numerical_features=['last_updatedYear',
                                                          'last_updatedMonth',
                                                          'last_updatedDay'],
                                      target='price500', time_features=[])),
                ('imputer',
                 Simple_Imputer(categorical_strategy='not_available',
                                fill_value_ca...
                ('scaling', 'passthrough'), ('P_transform', 'passthrough'),
                ('binn', 'passthrough'), ('rem_outliers', 'passthrough'),
                ('cluster_all', 'passthrough'),
                ('dummy', Dummify(target='price500')),
                ('fix_perfect', Remove_100(target='price500')),
                ('clean_names', Clean_Colum_Names()),
                ('feature_select', 'passthrough'), ('fix_multi', 'passthrough'),
                ('dfs', 'passthrough'), ('pca', 'passthrough')],
         verbose=False)
2021-07-06 14:52:29,756:INFO:setup() succesfully completed......................................
2021-07-06 14:54:14,893:INFO:Initializing compare_models()
2021-07-06 14:54:14,893:INFO:compare_models(display=None, verbose=True, groups=None, fit_kwargs=None, errors=ignore, turbo=True, budget_time=None, n_select=1, sort=MAE, cross_validation=True, round=4, fold=None, include=None, exclude=None)
2021-07-06 14:54:14,893:INFO:Checking exceptions
2021-07-06 14:54:14,894:INFO:Preparing display monitor
2021-07-06 14:54:14,894:INFO:Preparing display monitor
2021-07-06 14:54:14,932:INFO:Initializing Linear Regression
2021-07-06 14:54:14,932:INFO:Total runtime is 5.1657358805338544e-06 minutes
2021-07-06 14:54:14,945:INFO:SubProcess create_model() called ==================================
2021-07-06 14:54:14,946:INFO:Initializing create_model()
2021-07-06 14:54:14,946:INFO:create_model(kwargs={}, display=<pycaret.internal.Display.Display object at 0x7f989a4ef978>, metrics=None, system=False, verbose=False, refit=False, groups=None, fit_kwargs={}, predict=True, cross_validation=True, round=4, fold=TimeSeriesSplit(max_train_size=None, n_splits=3), estimator=lr)
2021-07-06 14:54:14,946:INFO:Checking exceptions
2021-07-06 14:54:14,946:INFO:Importing libraries
2021-07-06 14:54:14,947:INFO:Copying training dataset
2021-07-06 14:54:14,948:INFO:Defining folds
2021-07-06 14:54:14,948:INFO:Declaring metric variables
2021-07-06 14:54:14,958:INFO:Importing untrained model
2021-07-06 14:54:14,967:INFO:Linear Regression Imported succesfully
2021-07-06 14:54:14,996:INFO:Starting cross validation
2021-07-06 14:54:15,007:INFO:Cross validating with TimeSeriesSplit(max_train_size=None, n_splits=3), n_jobs=-1
2021-07-06 14:54:18,672:INFO:Calculating mean and std
2021-07-06 14:54:18,676:INFO:Creating metrics dataframe
2021-07-06 14:54:18,688:INFO:Uploading results into container
2021-07-06 14:54:18,688:INFO:Uploading model into container now
2021-07-06 14:54:18,688:INFO:create_model_container: 1
2021-07-06 14:54:18,689:INFO:master_model_container: 1
2021-07-06 14:54:18,689:INFO:display_container: 2
2021-07-06 14:54:18,690:INFO:PowerTransformedTargetRegressor(copy_X=True, fit_intercept=True, n_jobs=-1,
                                normalize=False,
                                power_transformer_method='box-cox',
                                power_transformer_standardize=True,
                                regressor=LinearRegression(copy_X=True,
                                                           fit_intercept=True,
                                                           n_jobs=-1,
                                                           normalize=False))
2021-07-06 14:54:18,690:INFO:create_model() succesfully completed......................................
2021-07-06 14:54:18,905:INFO:SubProcess create_model() end ==================================
2021-07-06 14:54:18,906:INFO:Creating metrics dataframe
2021-07-06 14:54:18,933:INFO:Initializing Lasso Regression
2021-07-06 14:54:18,933:INFO:Total runtime is 0.06669340133666993 minutes
2021-07-06 14:54:18,943:INFO:SubProcess create_model() called ==================================
2021-07-06 14:54:18,944:INFO:Initializing create_model()
2021-07-06 14:54:18,944:INFO:create_model(kwargs={}, display=<pycaret.internal.Display.Display object at 0x7f989a4ef978>, metrics=None, system=False, verbose=False, refit=False, groups=None, fit_kwargs={}, predict=True, cross_validation=True, round=4, fold=TimeSeriesSplit(max_train_size=None, n_splits=3), estimator=lasso)
2021-07-06 14:54:18,944:INFO:Checking exceptions
2021-07-06 14:54:18,944:INFO:Importing libraries
2021-07-06 14:54:18,944:INFO:Copying training dataset
2021-07-06 14:54:18,945:INFO:Defining folds
2021-07-06 14:54:18,945:INFO:Declaring metric variables
2021-07-06 14:54:18,955:INFO:Importing untrained model
2021-07-06 14:54:18,964:INFO:Lasso Regression Imported succesfully
2021-07-06 14:54:18,984:INFO:Starting cross validation
2021-07-06 14:54:18,984:INFO:Cross validating with TimeSeriesSplit(max_train_size=None, n_splits=3), n_jobs=-1
2021-07-06 14:54:20,527:INFO:Calculating mean and std
2021-07-06 14:54:20,529:INFO:Creating metrics dataframe
2021-07-06 14:54:20,534:INFO:Uploading results into container
2021-07-06 14:54:20,535:INFO:Uploading model into container now
2021-07-06 14:54:20,535:INFO:create_model_container: 2
2021-07-06 14:54:20,535:INFO:master_model_container: 2
2021-07-06 14:54:20,535:INFO:display_container: 2
2021-07-06 14:54:20,536:INFO:PowerTransformedTargetRegressor(alpha=1.0, copy_X=True, fit_intercept=True,
                                max_iter=1000, normalize=False, positive=False,
                                power_transformer_method='box-cox',
                                power_transformer_standardize=True,
                                precompute=False, random_state=42,
                                regressor=Lasso(alpha=1.0, copy_X=True,
                                                fit_intercept=True,
                                                max_iter=1000, normalize=False,
                                                positive=False,
                                                precompute=False,
                                                random_state=42,
                                                selection='cyclic', tol=0.0001,
                                                warm_start=False),
                                selection='cyclic', tol=0.0001,
                                warm_start=False)
2021-07-06 14:54:20,537:INFO:create_model() succesfully completed......................................
2021-07-06 14:54:20,706:INFO:SubProcess create_model() end ==================================
2021-07-06 14:54:20,706:INFO:Creating metrics dataframe
2021-07-06 14:54:20,733:INFO:Initializing Ridge Regression
2021-07-06 14:54:20,733:INFO:Total runtime is 0.09669049978256226 minutes
2021-07-06 14:54:20,753:INFO:SubProcess create_model() called ==================================
2021-07-06 14:54:20,753:INFO:Initializing create_model()
2021-07-06 14:54:20,754:INFO:create_model(kwargs={}, display=<pycaret.internal.Display.Display object at 0x7f989a4ef978>, metrics=None, system=False, verbose=False, refit=False, groups=None, fit_kwargs={}, predict=True, cross_validation=True, round=4, fold=TimeSeriesSplit(max_train_size=None, n_splits=3), estimator=ridge)
2021-07-06 14:54:20,754:INFO:Checking exceptions
2021-07-06 14:54:20,754:INFO:Importing libraries
2021-07-06 14:54:20,754:INFO:Copying training dataset
2021-07-06 14:54:20,755:INFO:Defining folds
2021-07-06 14:54:20,756:INFO:Declaring metric variables
2021-07-06 14:54:20,769:INFO:Importing untrained model
2021-07-06 14:54:20,781:INFO:Ridge Regression Imported succesfully
2021-07-06 14:54:20,801:INFO:Starting cross validation
2021-07-06 14:54:20,802:INFO:Cross validating with TimeSeriesSplit(max_train_size=None, n_splits=3), n_jobs=-1
2021-07-06 14:54:22,457:INFO:Calculating mean and std
2021-07-06 14:54:22,458:INFO:Creating metrics dataframe
2021-07-06 14:54:22,464:INFO:Uploading results into container
2021-07-06 14:54:22,464:INFO:Uploading model into container now
2021-07-06 14:54:22,464:INFO:create_model_container: 3
2021-07-06 14:54:22,464:INFO:master_model_container: 3
2021-07-06 14:54:22,464:INFO:display_container: 2
2021-07-06 14:54:22,465:INFO:PowerTransformedTargetRegressor(alpha=1.0, copy_X=True, fit_intercept=True,
                                max_iter=None, normalize=False,
                                power_transformer_method='box-cox',
                                power_transformer_standardize=True,
                                random_state=42,
                                regressor=Ridge(alpha=1.0, copy_X=True,
                                                fit_intercept=True,
                                                max_iter=None, normalize=False,
                                                random_state=42, solver='auto',
                                                tol=0.001),
                                solver='auto', tol=0.001)
2021-07-06 14:54:22,466:INFO:create_model() succesfully completed......................................
2021-07-06 14:54:22,637:INFO:SubProcess create_model() end ==================================
2021-07-06 14:54:22,637:INFO:Creating metrics dataframe
2021-07-06 14:54:22,666:INFO:Initializing Elastic Net
2021-07-06 14:54:22,666:INFO:Total runtime is 0.12891014814376833 minutes
2021-07-06 14:54:22,675:INFO:SubProcess create_model() called ==================================
2021-07-06 14:54:22,676:INFO:Initializing create_model()
2021-07-06 14:54:22,676:INFO:create_model(kwargs={}, display=<pycaret.internal.Display.Display object at 0x7f989a4ef978>, metrics=None, system=False, verbose=False, refit=False, groups=None, fit_kwargs={}, predict=True, cross_validation=True, round=4, fold=TimeSeriesSplit(max_train_size=None, n_splits=3), estimator=en)
2021-07-06 14:54:22,676:INFO:Checking exceptions
2021-07-06 14:54:22,676:INFO:Importing libraries
2021-07-06 14:54:22,676:INFO:Copying training dataset
2021-07-06 14:54:22,677:INFO:Defining folds
2021-07-06 14:54:22,677:INFO:Declaring metric variables
2021-07-06 14:54:22,686:INFO:Importing untrained model
2021-07-06 14:54:22,696:INFO:Elastic Net Imported succesfully
2021-07-06 14:54:22,715:INFO:Starting cross validation
2021-07-06 14:54:22,716:INFO:Cross validating with TimeSeriesSplit(max_train_size=None, n_splits=3), n_jobs=-1
2021-07-06 14:54:22,767:INFO:Calculating mean and std
2021-07-06 14:54:22,768:INFO:Creating metrics dataframe
2021-07-06 14:54:22,773:INFO:Uploading results into container
2021-07-06 14:54:22,773:INFO:Uploading model into container now
2021-07-06 14:54:22,773:INFO:create_model_container: 4
2021-07-06 14:54:22,773:INFO:master_model_container: 4
2021-07-06 14:54:22,773:INFO:display_container: 2
2021-07-06 14:54:22,774:INFO:PowerTransformedTargetRegressor(alpha=1.0, copy_X=True, fit_intercept=True,
                                l1_ratio=0.5, max_iter=1000, normalize=False,
                                positive=False,
                                power_transformer_method='box-cox',
                                power_transformer_standardize=True,
                                precompute=False, random_state=42,
                                regressor=ElasticNet(alpha=1.0, copy_X=True,
                                                     fit_intercept=True,
                                                     l1_ratio=0.5,
                                                     max_iter=1000,
                                                     normalize=False,
                                                     positive=False,
                                                     precompute=False,
                                                     random_state=42,
                                                     selection='cyclic',
                                                     tol=0.0001,
                                                     warm_start=False),
                                selection='cyclic', tol=0.0001,
                                warm_start=False)
2021-07-06 14:54:22,775:INFO:create_model() succesfully completed......................................
2021-07-06 14:54:22,930:INFO:SubProcess create_model() end ==================================
2021-07-06 14:54:22,930:INFO:Creating metrics dataframe
2021-07-06 14:54:22,955:INFO:Initializing Least Angle Regression
2021-07-06 14:54:22,965:INFO:Total runtime is 0.13388718366622926 minutes
2021-07-06 14:54:22,988:INFO:SubProcess create_model() called ==================================
2021-07-06 14:54:22,988:INFO:Initializing create_model()
2021-07-06 14:54:22,989:INFO:create_model(kwargs={}, display=<pycaret.internal.Display.Display object at 0x7f989a4ef978>, metrics=None, system=False, verbose=False, refit=False, groups=None, fit_kwargs={}, predict=True, cross_validation=True, round=4, fold=TimeSeriesSplit(max_train_size=None, n_splits=3), estimator=lar)
2021-07-06 14:54:22,989:INFO:Checking exceptions
2021-07-06 14:54:22,989:INFO:Importing libraries
2021-07-06 14:54:22,989:INFO:Copying training dataset
2021-07-06 14:54:22,990:INFO:Defining folds
2021-07-06 14:54:22,990:INFO:Declaring metric variables
2021-07-06 14:54:23,001:INFO:Importing untrained model
2021-07-06 14:54:23,014:INFO:Least Angle Regression Imported succesfully
2021-07-06 14:54:23,035:INFO:Starting cross validation
2021-07-06 14:54:23,035:INFO:Cross validating with TimeSeriesSplit(max_train_size=None, n_splits=3), n_jobs=-1
2021-07-06 14:54:23,665:WARNING:create_model() for lar raised an exception or returned all 0.0, trying without fit_kwargs:
2021-07-06 14:54:23,671:WARNING:joblib.externals.loky.process_executor._RemoteTraceback: 
"""
Traceback (most recent call last):
  File "/Users/antoniohung/anaconda/envs/heating_oil_prices/lib/python3.6/site-packages/joblib/externals/loky/process_executor.py", line 431, in _process_worker
    r = call_item()
  File "/Users/antoniohung/anaconda/envs/heating_oil_prices/lib/python3.6/site-packages/joblib/externals/loky/process_executor.py", line 285, in __call__
    return self.fn(*self.args, **self.kwargs)
  File "/Users/antoniohung/anaconda/envs/heating_oil_prices/lib/python3.6/site-packages/joblib/_parallel_backends.py", line 595, in __call__
    return self.func(*args, **kwargs)
  File "/Users/antoniohung/anaconda/envs/heating_oil_prices/lib/python3.6/site-packages/joblib/parallel.py", line 263, in __call__
    for func, args, kwargs in self.items]
  File "/Users/antoniohung/anaconda/envs/heating_oil_prices/lib/python3.6/site-packages/joblib/parallel.py", line 263, in <listcomp>
    for func, args, kwargs in self.items]
  File "/Users/antoniohung/anaconda/envs/heating_oil_prices/lib/python3.6/site-packages/sklearn/model_selection/_validation.py", line 560, in _fit_and_score
    test_scores = _score(estimator, X_test, y_test, scorer)
  File "/Users/antoniohung/anaconda/envs/heating_oil_prices/lib/python3.6/site-packages/sklearn/model_selection/_validation.py", line 607, in _score
    scores = scorer(estimator, X_test, y_test)
  File "/Users/antoniohung/anaconda/envs/heating_oil_prices/lib/python3.6/site-packages/sklearn/metrics/_scorer.py", line 88, in __call__
    *args, **kwargs)
  File "/Users/antoniohung/anaconda/envs/heating_oil_prices/lib/python3.6/site-packages/sklearn/metrics/_scorer.py", line 213, in _score
    **self._kwargs)
  File "/Users/antoniohung/anaconda/envs/heating_oil_prices/lib/python3.6/site-packages/sklearn/utils/validation.py", line 72, in inner_f
    return f(**kwargs)
  File "/Users/antoniohung/anaconda/envs/heating_oil_prices/lib/python3.6/site-packages/sklearn/metrics/_regression.py", line 179, in mean_absolute_error
    y_true, y_pred, multioutput)
  File "/Users/antoniohung/anaconda/envs/heating_oil_prices/lib/python3.6/site-packages/sklearn/metrics/_regression.py", line 86, in _check_reg_targets
    y_pred = check_array(y_pred, ensure_2d=False, dtype=dtype)
  File "/Users/antoniohung/anaconda/envs/heating_oil_prices/lib/python3.6/site-packages/sklearn/utils/validation.py", line 72, in inner_f
    return f(**kwargs)
  File "/Users/antoniohung/anaconda/envs/heating_oil_prices/lib/python3.6/site-packages/sklearn/utils/validation.py", line 645, in check_array
    allow_nan=force_all_finite == 'allow-nan')
  File "/Users/antoniohung/anaconda/envs/heating_oil_prices/lib/python3.6/site-packages/sklearn/utils/validation.py", line 99, in _assert_all_finite
    msg_dtype if msg_dtype is not None else X.dtype)
ValueError: Input contains NaN, infinity or a value too large for dtype('float64').
"""

The above exception was the direct cause of the following exception:

Traceback (most recent call last):
  File "/Users/antoniohung/anaconda/envs/heating_oil_prices/lib/python3.6/site-packages/pycaret/internal/tabular.py", line 2176, in compare_models
    refit=False,
  File "/Users/antoniohung/anaconda/envs/heating_oil_prices/lib/python3.6/site-packages/pycaret/internal/tabular.py", line 3125, in create_model_supervised
    error_score=0,
  File "/Users/antoniohung/anaconda/envs/heating_oil_prices/lib/python3.6/site-packages/sklearn/utils/validation.py", line 72, in inner_f
    return f(**kwargs)
  File "/Users/antoniohung/anaconda/envs/heating_oil_prices/lib/python3.6/site-packages/sklearn/model_selection/_validation.py", line 248, in cross_validate
    for train, test in cv.split(X, y, groups))
  File "/Users/antoniohung/anaconda/envs/heating_oil_prices/lib/python3.6/site-packages/joblib/parallel.py", line 1054, in __call__
    self.retrieve()
  File "/Users/antoniohung/anaconda/envs/heating_oil_prices/lib/python3.6/site-packages/joblib/parallel.py", line 933, in retrieve
    self._output.extend(job.get(timeout=self.timeout))
  File "/Users/antoniohung/anaconda/envs/heating_oil_prices/lib/python3.6/site-packages/joblib/_parallel_backends.py", line 542, in wrap_future_result
    return future.result(timeout=timeout)
  File "/Users/antoniohung/anaconda/envs/heating_oil_prices/lib/python3.6/concurrent/futures/_base.py", line 432, in result
    return self.__get_result()
  File "/Users/antoniohung/anaconda/envs/heating_oil_prices/lib/python3.6/concurrent/futures/_base.py", line 384, in __get_result
    raise self._exception
ValueError: Input contains NaN, infinity or a value too large for dtype('float64').

2021-07-06 14:54:23,674:INFO:Initializing create_model()
2021-07-06 14:54:23,674:INFO:create_model(kwargs={}, display=<pycaret.internal.Display.Display object at 0x7f989a4ef978>, metrics=None, system=False, verbose=False, refit=False, groups=None, fit_kwargs=None, predict=True, cross_validation=True, round=4, fold=TimeSeriesSplit(max_train_size=None, n_splits=3), estimator=lar)
2021-07-06 14:54:23,674:INFO:Checking exceptions
2021-07-06 14:54:23,674:INFO:Importing libraries
2021-07-06 14:54:23,674:INFO:Copying training dataset
2021-07-06 14:54:23,679:INFO:Defining folds
2021-07-06 14:54:23,679:INFO:Declaring metric variables
2021-07-06 14:54:23,690:INFO:Importing untrained model
2021-07-06 14:54:23,701:INFO:Least Angle Regression Imported succesfully
2021-07-06 14:54:23,720:INFO:Starting cross validation
2021-07-06 14:54:23,720:INFO:Cross validating with TimeSeriesSplit(max_train_size=None, n_splits=3), n_jobs=-1
2021-07-06 14:54:26,274:ERROR:create_model() for lar raised an exception:
2021-07-06 14:54:26,278:ERROR:joblib.externals.loky.process_executor._RemoteTraceback: 
"""
Traceback (most recent call last):
  File "/Users/antoniohung/anaconda/envs/heating_oil_prices/lib/python3.6/site-packages/joblib/externals/loky/process_executor.py", line 431, in _process_worker
    r = call_item()
  File "/Users/antoniohung/anaconda/envs/heating_oil_prices/lib/python3.6/site-packages/joblib/externals/loky/process_executor.py", line 285, in __call__
    return self.fn(*self.args, **self.kwargs)
  File "/Users/antoniohung/anaconda/envs/heating_oil_prices/lib/python3.6/site-packages/joblib/_parallel_backends.py", line 595, in __call__
    return self.func(*args, **kwargs)
  File "/Users/antoniohung/anaconda/envs/heating_oil_prices/lib/python3.6/site-packages/joblib/parallel.py", line 263, in __call__
    for func, args, kwargs in self.items]
  File "/Users/antoniohung/anaconda/envs/heating_oil_prices/lib/python3.6/site-packages/joblib/parallel.py", line 263, in <listcomp>
    for func, args, kwargs in self.items]
  File "/Users/antoniohung/anaconda/envs/heating_oil_prices/lib/python3.6/site-packages/sklearn/model_selection/_validation.py", line 560, in _fit_and_score
    test_scores = _score(estimator, X_test, y_test, scorer)
  File "/Users/antoniohung/anaconda/envs/heating_oil_prices/lib/python3.6/site-packages/sklearn/model_selection/_validation.py", line 607, in _score
    scores = scorer(estimator, X_test, y_test)
  File "/Users/antoniohung/anaconda/envs/heating_oil_prices/lib/python3.6/site-packages/sklearn/metrics/_scorer.py", line 88, in __call__
    *args, **kwargs)
  File "/Users/antoniohung/anaconda/envs/heating_oil_prices/lib/python3.6/site-packages/sklearn/metrics/_scorer.py", line 213, in _score
    **self._kwargs)
  File "/Users/antoniohung/anaconda/envs/heating_oil_prices/lib/python3.6/site-packages/sklearn/utils/validation.py", line 72, in inner_f
    return f(**kwargs)
  File "/Users/antoniohung/anaconda/envs/heating_oil_prices/lib/python3.6/site-packages/sklearn/metrics/_regression.py", line 179, in mean_absolute_error
    y_true, y_pred, multioutput)
  File "/Users/antoniohung/anaconda/envs/heating_oil_prices/lib/python3.6/site-packages/sklearn/metrics/_regression.py", line 86, in _check_reg_targets
    y_pred = check_array(y_pred, ensure_2d=False, dtype=dtype)
  File "/Users/antoniohung/anaconda/envs/heating_oil_prices/lib/python3.6/site-packages/sklearn/utils/validation.py", line 72, in inner_f
    return f(**kwargs)
  File "/Users/antoniohung/anaconda/envs/heating_oil_prices/lib/python3.6/site-packages/sklearn/utils/validation.py", line 645, in check_array
    allow_nan=force_all_finite == 'allow-nan')
  File "/Users/antoniohung/anaconda/envs/heating_oil_prices/lib/python3.6/site-packages/sklearn/utils/validation.py", line 99, in _assert_all_finite
    msg_dtype if msg_dtype is not None else X.dtype)
ValueError: Input contains NaN, infinity or a value too large for dtype('float64').
"""

The above exception was the direct cause of the following exception:

Traceback (most recent call last):
  File "/Users/antoniohung/anaconda/envs/heating_oil_prices/lib/python3.6/site-packages/pycaret/internal/tabular.py", line 2195, in compare_models
    refit=False,
  File "/Users/antoniohung/anaconda/envs/heating_oil_prices/lib/python3.6/site-packages/pycaret/internal/tabular.py", line 3125, in create_model_supervised
    error_score=0,
  File "/Users/antoniohung/anaconda/envs/heating_oil_prices/lib/python3.6/site-packages/sklearn/utils/validation.py", line 72, in inner_f
    return f(**kwargs)
  File "/Users/antoniohung/anaconda/envs/heating_oil_prices/lib/python3.6/site-packages/sklearn/model_selection/_validation.py", line 248, in cross_validate
    for train, test in cv.split(X, y, groups))
  File "/Users/antoniohung/anaconda/envs/heating_oil_prices/lib/python3.6/site-packages/joblib/parallel.py", line 1054, in __call__
    self.retrieve()
  File "/Users/antoniohung/anaconda/envs/heating_oil_prices/lib/python3.6/site-packages/joblib/parallel.py", line 933, in retrieve
    self._output.extend(job.get(timeout=self.timeout))
  File "/Users/antoniohung/anaconda/envs/heating_oil_prices/lib/python3.6/site-packages/joblib/_parallel_backends.py", line 542, in wrap_future_result
    return future.result(timeout=timeout)
  File "/Users/antoniohung/anaconda/envs/heating_oil_prices/lib/python3.6/concurrent/futures/_base.py", line 432, in result
    return self.__get_result()
  File "/Users/antoniohung/anaconda/envs/heating_oil_prices/lib/python3.6/concurrent/futures/_base.py", line 384, in __get_result
    raise self._exception
ValueError: Input contains NaN, infinity or a value too large for dtype('float64').

2021-07-06 14:54:26,278:INFO:Initializing Lasso Least Angle Regression
2021-07-06 14:54:26,279:INFO:Total runtime is 0.18912158409754437 minutes
2021-07-06 14:54:26,300:INFO:SubProcess create_model() called ==================================
2021-07-06 14:54:26,301:INFO:Initializing create_model()
2021-07-06 14:54:26,301:INFO:create_model(kwargs={}, display=<pycaret.internal.Display.Display object at 0x7f989a4ef978>, metrics=None, system=False, verbose=False, refit=False, groups=None, fit_kwargs={}, predict=True, cross_validation=True, round=4, fold=TimeSeriesSplit(max_train_size=None, n_splits=3), estimator=llar)
2021-07-06 14:54:26,301:INFO:Checking exceptions
2021-07-06 14:54:26,301:INFO:Importing libraries
2021-07-06 14:54:26,302:INFO:Copying training dataset
2021-07-06 14:54:26,304:INFO:Defining folds
2021-07-06 14:54:26,306:INFO:Declaring metric variables
2021-07-06 14:54:26,321:INFO:Importing untrained model
2021-07-06 14:54:26,330:INFO:Lasso Least Angle Regression Imported succesfully
2021-07-06 14:54:26,352:INFO:Starting cross validation
2021-07-06 14:54:26,352:INFO:Cross validating with TimeSeriesSplit(max_train_size=None, n_splits=3), n_jobs=-1
2021-07-06 14:54:28,335:INFO:Calculating mean and std
2021-07-06 14:54:28,341:INFO:Creating metrics dataframe
2021-07-06 14:54:28,352:INFO:Uploading results into container
2021-07-06 14:54:28,353:INFO:Uploading model into container now
2021-07-06 14:54:28,353:INFO:create_model_container: 5
2021-07-06 14:54:28,353:INFO:master_model_container: 5
2021-07-06 14:54:28,353:INFO:display_container: 2
2021-07-06 14:54:28,355:INFO:PowerTransformedTargetRegressor(alpha=1.0, copy_X=True,
                                eps=2.220446049250313e-16, fit_intercept=True,
                                fit_path=True, jitter=None, max_iter=500,
                                normalize=True, positive=False,
                                power_transformer_method='box-cox',
                                power_transformer_standardize=True,
                                precompute='auto', random_state=42,
                                regressor=LassoLars(alpha=1.0, copy_X=True,
                                                    eps=2.220446049250313e-16,
                                                    fit_intercept=True,
                                                    fit_path=True, jitter=None,
                                                    max_iter=500,
                                                    normalize=True,
                                                    positive=False,
                                                    precompute='auto',
                                                    random_state=42,
                                                    verbose=False),
                                verbose=False)
2021-07-06 14:54:28,355:INFO:create_model() succesfully completed......................................
2021-07-06 14:54:28,563:INFO:SubProcess create_model() end ==================================
2021-07-06 14:54:28,563:INFO:Creating metrics dataframe
2021-07-06 14:54:28,595:INFO:Initializing Orthogonal Matching Pursuit
2021-07-06 14:54:28,596:INFO:Total runtime is 0.22773461739222212 minutes
2021-07-06 14:54:28,606:INFO:SubProcess create_model() called ==================================
2021-07-06 14:54:28,606:INFO:Initializing create_model()
2021-07-06 14:54:28,606:INFO:create_model(kwargs={}, display=<pycaret.internal.Display.Display object at 0x7f989a4ef978>, metrics=None, system=False, verbose=False, refit=False, groups=None, fit_kwargs={}, predict=True, cross_validation=True, round=4, fold=TimeSeriesSplit(max_train_size=None, n_splits=3), estimator=omp)
2021-07-06 14:54:28,606:INFO:Checking exceptions
2021-07-06 14:54:28,606:INFO:Importing libraries
2021-07-06 14:54:28,606:INFO:Copying training dataset
2021-07-06 14:54:28,607:INFO:Defining folds
2021-07-06 14:54:28,607:INFO:Declaring metric variables
2021-07-06 14:54:28,617:INFO:Importing untrained model
2021-07-06 14:54:28,626:INFO:Orthogonal Matching Pursuit Imported succesfully
2021-07-06 14:54:28,647:INFO:Starting cross validation
2021-07-06 14:54:28,648:INFO:Cross validating with TimeSeriesSplit(max_train_size=None, n_splits=3), n_jobs=-1
2021-07-06 14:54:30,157:INFO:Calculating mean and std
2021-07-06 14:54:30,159:INFO:Creating metrics dataframe
2021-07-06 14:54:30,165:INFO:Uploading results into container
2021-07-06 14:54:30,165:INFO:Uploading model into container now
2021-07-06 14:54:30,165:INFO:create_model_container: 6
2021-07-06 14:54:30,165:INFO:master_model_container: 6
2021-07-06 14:54:30,165:INFO:display_container: 2
2021-07-06 14:54:30,166:INFO:PowerTransformedTargetRegressor(fit_intercept=True, n_nonzero_coefs=None,
                                normalize=True,
                                power_transformer_method='box-cox',
                                power_transformer_standardize=True,
                                precompute='auto',
                                regressor=OrthogonalMatchingPursuit(fit_intercept=True,
                                                                    n_nonzero_coefs=None,
                                                                    normalize=True,
                                                                    precompute='auto',
                                                                    tol=None),
                                tol=None)
2021-07-06 14:54:30,166:INFO:create_model() succesfully completed......................................
2021-07-06 14:54:30,334:INFO:SubProcess create_model() end ==================================
2021-07-06 14:54:30,335:INFO:Creating metrics dataframe
2021-07-06 14:54:30,366:INFO:Initializing Bayesian Ridge
2021-07-06 14:54:30,366:INFO:Total runtime is 0.25723775227864587 minutes
2021-07-06 14:54:30,376:INFO:SubProcess create_model() called ==================================
2021-07-06 14:54:30,376:INFO:Initializing create_model()
2021-07-06 14:54:30,376:INFO:create_model(kwargs={}, display=<pycaret.internal.Display.Display object at 0x7f989a4ef978>, metrics=None, system=False, verbose=False, refit=False, groups=None, fit_kwargs={}, predict=True, cross_validation=True, round=4, fold=TimeSeriesSplit(max_train_size=None, n_splits=3), estimator=br)
2021-07-06 14:54:30,376:INFO:Checking exceptions
2021-07-06 14:54:30,376:INFO:Importing libraries
2021-07-06 14:54:30,377:INFO:Copying training dataset
2021-07-06 14:54:30,378:INFO:Defining folds
2021-07-06 14:54:30,378:INFO:Declaring metric variables
2021-07-06 14:54:30,386:INFO:Importing untrained model
2021-07-06 14:54:30,396:INFO:Bayesian Ridge Imported succesfully
2021-07-06 14:54:30,415:INFO:Starting cross validation
2021-07-06 14:54:30,416:INFO:Cross validating with TimeSeriesSplit(max_train_size=None, n_splits=3), n_jobs=-1
2021-07-06 14:54:31,912:INFO:Calculating mean and std
2021-07-06 14:54:31,913:INFO:Creating metrics dataframe
2021-07-06 14:54:31,919:INFO:Uploading results into container
2021-07-06 14:54:31,919:INFO:Uploading model into container now
2021-07-06 14:54:31,919:INFO:create_model_container: 7
2021-07-06 14:54:31,919:INFO:master_model_container: 7
2021-07-06 14:54:31,919:INFO:display_container: 2
2021-07-06 14:54:31,921:INFO:PowerTransformedTargetRegressor(alpha_1=1e-06, alpha_2=1e-06, alpha_init=None,
                                compute_score=False, copy_X=True,
                                fit_intercept=True, lambda_1=1e-06,
                                lambda_2=1e-06, lambda_init=None, n_iter=300,
                                normalize=False,
                                power_transformer_method='box-cox',
                                power_transformer_standardize=True,
                                regressor=BayesianRidge(alpha_1=1e-06,
                                                        alpha_2=1e-06,
                                                        alpha_init=None,
                                                        compute_score=False,
                                                        copy_X=True,
                                                        fit_intercept=True,
                                                        lambda_1=1e-06,
                                                        lambda_2=1e-06,
                                                        lambda_init=None,
                                                        n_iter=300,
                                                        normalize=False,
                                                        tol=0.001,
                                                        verbose=False),
                                tol=0.001, verbose=False)
2021-07-06 14:54:31,921:INFO:create_model() succesfully completed......................................
2021-07-06 14:54:32,098:INFO:SubProcess create_model() end ==================================
2021-07-06 14:54:32,098:INFO:Creating metrics dataframe
2021-07-06 14:54:32,130:INFO:Initializing Passive Aggressive Regressor
2021-07-06 14:54:32,130:INFO:Total runtime is 0.28664327065149947 minutes
2021-07-06 14:54:32,140:INFO:SubProcess create_model() called ==================================
2021-07-06 14:54:32,140:INFO:Initializing create_model()
2021-07-06 14:54:32,140:INFO:create_model(kwargs={}, display=<pycaret.internal.Display.Display object at 0x7f989a4ef978>, metrics=None, system=False, verbose=False, refit=False, groups=None, fit_kwargs={}, predict=True, cross_validation=True, round=4, fold=TimeSeriesSplit(max_train_size=None, n_splits=3), estimator=par)
2021-07-06 14:54:32,141:INFO:Checking exceptions
2021-07-06 14:54:32,141:INFO:Importing libraries
2021-07-06 14:54:32,141:INFO:Copying training dataset
2021-07-06 14:54:32,142:INFO:Defining folds
2021-07-06 14:54:32,142:INFO:Declaring metric variables
2021-07-06 14:54:32,151:INFO:Importing untrained model
2021-07-06 14:54:32,160:INFO:Passive Aggressive Regressor Imported succesfully
2021-07-06 14:54:32,181:INFO:Starting cross validation
2021-07-06 14:54:32,182:INFO:Cross validating with TimeSeriesSplit(max_train_size=None, n_splits=3), n_jobs=-1
2021-07-06 14:54:32,231:INFO:Calculating mean and std
2021-07-06 14:54:32,232:INFO:Creating metrics dataframe
2021-07-06 14:54:32,238:INFO:Uploading results into container
2021-07-06 14:54:32,238:INFO:Uploading model into container now
2021-07-06 14:54:32,238:INFO:create_model_container: 8
2021-07-06 14:54:32,238:INFO:master_model_container: 8
2021-07-06 14:54:32,238:INFO:display_container: 2
2021-07-06 14:54:32,240:INFO:PowerTransformedTargetRegressor(C=1.0, average=False, early_stopping=False,
                                epsilon=0.1, fit_intercept=True,
                                loss='epsilon_insensitive', max_iter=1000,
                                n_iter_no_change=5,
                                power_transformer_method='box-cox',
                                power_transformer_standardize=True,
                                random_state=42,
                                regressor=PassiveAggressiveRegressor(C=1.0,
                                                                     average=False,
                                                                     early_stopping=False,
                                                                     epsilon=0.1,
                                                                     fit_intercept=True,
                                                                     loss='epsilon_insensitive',
                                                                     max_iter=1000,
                                                                     n_iter_no_change=5,
                                                                     random_state=42,
                                                                     shuffle=True,
                                                                     tol=0.001,
                                                                     validation_fraction=0.1,
                                                                     verbose=0,
                                                                     warm_start=False),
                                shuffle=True, tol=0.001,
                                validation_fraction=0.1, verbose=0,
                                warm_start=False)
2021-07-06 14:54:32,240:INFO:create_model() succesfully completed......................................
2021-07-06 14:54:32,437:INFO:SubProcess create_model() end ==================================
2021-07-06 14:54:32,437:INFO:Creating metrics dataframe
2021-07-06 14:54:32,470:INFO:Initializing Huber Regressor
2021-07-06 14:54:32,470:INFO:Total runtime is 0.29231216510136926 minutes
2021-07-06 14:54:32,481:INFO:SubProcess create_model() called ==================================
2021-07-06 14:54:32,482:INFO:Initializing create_model()
2021-07-06 14:54:32,482:INFO:create_model(kwargs={}, display=<pycaret.internal.Display.Display object at 0x7f989a4ef978>, metrics=None, system=False, verbose=False, refit=False, groups=None, fit_kwargs={}, predict=True, cross_validation=True, round=4, fold=TimeSeriesSplit(max_train_size=None, n_splits=3), estimator=huber)
2021-07-06 14:54:32,482:INFO:Checking exceptions
2021-07-06 14:54:32,482:INFO:Importing libraries
2021-07-06 14:54:32,482:INFO:Copying training dataset
2021-07-06 14:54:32,483:INFO:Defining folds
2021-07-06 14:54:32,483:INFO:Declaring metric variables
2021-07-06 14:54:32,492:INFO:Importing untrained model
2021-07-06 14:54:32,501:INFO:Huber Regressor Imported succesfully
2021-07-06 14:54:32,523:INFO:Starting cross validation
2021-07-06 14:54:32,523:INFO:Cross validating with TimeSeriesSplit(max_train_size=None, n_splits=3), n_jobs=-1
2021-07-06 14:54:32,582:INFO:Calculating mean and std
2021-07-06 14:54:32,583:INFO:Creating metrics dataframe
2021-07-06 14:54:32,589:INFO:Uploading results into container
2021-07-06 14:54:32,589:INFO:Uploading model into container now
2021-07-06 14:54:32,589:INFO:create_model_container: 9
2021-07-06 14:54:32,589:INFO:master_model_container: 9
2021-07-06 14:54:32,589:INFO:display_container: 2
2021-07-06 14:54:32,590:INFO:PowerTransformedTargetRegressor(alpha=0.0001, epsilon=1.35, fit_intercept=True,
                                max_iter=100,
                                power_transformer_method='box-cox',
                                power_transformer_standardize=True,
                                regressor=HuberRegressor(alpha=0.0001,
                                                         epsilon=1.35,
                                                         fit_intercept=True,
                                                         max_iter=100,
                                                         tol=1e-05,
                                                         warm_start=False),
                                tol=1e-05, warm_start=False)
2021-07-06 14:54:32,590:INFO:create_model() succesfully completed......................................
2021-07-06 14:54:32,752:INFO:SubProcess create_model() end ==================================
2021-07-06 14:54:32,752:INFO:Creating metrics dataframe
2021-07-06 14:54:32,783:INFO:Initializing K Neighbors Regressor
2021-07-06 14:54:32,783:INFO:Total runtime is 0.29752478202184046 minutes
2021-07-06 14:54:32,793:INFO:SubProcess create_model() called ==================================
2021-07-06 14:54:32,793:INFO:Initializing create_model()
2021-07-06 14:54:32,793:INFO:create_model(kwargs={}, display=<pycaret.internal.Display.Display object at 0x7f989a4ef978>, metrics=None, system=False, verbose=False, refit=False, groups=None, fit_kwargs={}, predict=True, cross_validation=True, round=4, fold=TimeSeriesSplit(max_train_size=None, n_splits=3), estimator=knn)
2021-07-06 14:54:32,793:INFO:Checking exceptions
2021-07-06 14:54:32,794:INFO:Importing libraries
2021-07-06 14:54:32,794:INFO:Copying training dataset
2021-07-06 14:54:32,795:INFO:Defining folds
2021-07-06 14:54:32,795:INFO:Declaring metric variables
2021-07-06 14:54:32,804:INFO:Importing untrained model
2021-07-06 14:54:32,813:INFO:K Neighbors Regressor Imported succesfully
2021-07-06 14:54:32,832:INFO:Starting cross validation
2021-07-06 14:54:32,833:INFO:Cross validating with TimeSeriesSplit(max_train_size=None, n_splits=3), n_jobs=-1
2021-07-06 14:54:34,439:INFO:Calculating mean and std
2021-07-06 14:54:34,440:INFO:Creating metrics dataframe
2021-07-06 14:54:34,446:INFO:Uploading results into container
2021-07-06 14:54:34,446:INFO:Uploading model into container now
2021-07-06 14:54:34,446:INFO:create_model_container: 10
2021-07-06 14:54:34,447:INFO:master_model_container: 10
2021-07-06 14:54:34,447:INFO:display_container: 2
2021-07-06 14:54:34,448:INFO:PowerTransformedTargetRegressor(algorithm='auto', leaf_size=30,
                                metric='minkowski', metric_params=None,
                                n_jobs=-1, n_neighbors=5, p=2,
                                power_transformer_method='box-cox',
                                power_transformer_standardize=True,
                                regressor=KNeighborsRegressor(algorithm='auto',
                                                              leaf_size=30,
                                                              metric='minkowski',
                                                              metric_params=None,
                                                              n_jobs=-1,
                                                              n_neighbors=5,
                                                              p=2,
                                                              weights='uniform'),
                                weights='uniform')
2021-07-06 14:54:34,448:INFO:create_model() succesfully completed......................................
2021-07-06 14:54:34,632:INFO:SubProcess create_model() end ==================================
2021-07-06 14:54:34,632:INFO:Creating metrics dataframe
2021-07-06 14:54:34,664:INFO:Initializing Decision Tree Regressor
2021-07-06 14:54:34,664:INFO:Total runtime is 0.32887276808420823 minutes
2021-07-06 14:54:34,673:INFO:SubProcess create_model() called ==================================
2021-07-06 14:54:34,674:INFO:Initializing create_model()
2021-07-06 14:54:34,674:INFO:create_model(kwargs={}, display=<pycaret.internal.Display.Display object at 0x7f989a4ef978>, metrics=None, system=False, verbose=False, refit=False, groups=None, fit_kwargs={}, predict=True, cross_validation=True, round=4, fold=TimeSeriesSplit(max_train_size=None, n_splits=3), estimator=dt)
2021-07-06 14:54:34,674:INFO:Checking exceptions
2021-07-06 14:54:34,674:INFO:Importing libraries
2021-07-06 14:54:34,674:INFO:Copying training dataset
2021-07-06 14:54:34,675:INFO:Defining folds
2021-07-06 14:54:34,675:INFO:Declaring metric variables
2021-07-06 14:54:34,684:INFO:Importing untrained model
2021-07-06 14:54:34,693:INFO:Decision Tree Regressor Imported succesfully
2021-07-06 14:54:34,712:INFO:Starting cross validation
2021-07-06 14:54:34,713:INFO:Cross validating with TimeSeriesSplit(max_train_size=None, n_splits=3), n_jobs=-1
2021-07-06 14:54:36,172:INFO:Calculating mean and std
2021-07-06 14:54:36,174:INFO:Creating metrics dataframe
2021-07-06 14:54:36,179:INFO:Uploading results into container
2021-07-06 14:54:36,179:INFO:Uploading model into container now
2021-07-06 14:54:36,179:INFO:create_model_container: 11
2021-07-06 14:54:36,179:INFO:master_model_container: 11
2021-07-06 14:54:36,179:INFO:display_container: 2
2021-07-06 14:54:36,181:INFO:PowerTransformedTargetRegressor(ccp_alpha=0.0, criterion='mse', max_depth=None,
                                max_features=None, max_leaf_nodes=None,
                                min_impurity_decrease=0.0,
                                min_impurity_split=None, min_samples_leaf=1,
                                min_samples_split=2,
                                min_weight_fraction_leaf=0.0,
                                power_transformer_method='box-cox',
                                power_transformer_standardize=True,
                                presort='deprecated', random_state=42,
                                regressor=DecisionTreeRegressor(ccp_alpha=0.0,
                                                                criterion='mse',
                                                                max_depth=None,
                                                                max_features=None,
                                                                max_leaf_nodes=None,
                                                                min_impurity_decrease=0.0,
                                                                min_impurity_split=None,
                                                                min_samples_leaf=1,
                                                                min_samples_split=2,
                                                                min_weight_fraction_leaf=0.0,
                                                                presort='deprecated',
                                                                random_state=42,
                                                                splitter='best'),
                                splitter='best')
2021-07-06 14:54:36,181:INFO:create_model() succesfully completed......................................
2021-07-06 14:54:36,344:INFO:SubProcess create_model() end ==================================
2021-07-06 14:54:36,344:INFO:Creating metrics dataframe
2021-07-06 14:54:36,376:INFO:Initializing Random Forest Regressor
2021-07-06 14:54:36,376:INFO:Total runtime is 0.35741376479466763 minutes
2021-07-06 14:54:36,386:INFO:SubProcess create_model() called ==================================
2021-07-06 14:54:36,387:INFO:Initializing create_model()
2021-07-06 14:54:36,387:INFO:create_model(kwargs={}, display=<pycaret.internal.Display.Display object at 0x7f989a4ef978>, metrics=None, system=False, verbose=False, refit=False, groups=None, fit_kwargs={}, predict=True, cross_validation=True, round=4, fold=TimeSeriesSplit(max_train_size=None, n_splits=3), estimator=rf)
2021-07-06 14:54:36,387:INFO:Checking exceptions
2021-07-06 14:54:36,387:INFO:Importing libraries
2021-07-06 14:54:36,388:INFO:Copying training dataset
2021-07-06 14:54:36,389:INFO:Defining folds
2021-07-06 14:54:36,389:INFO:Declaring metric variables
2021-07-06 14:54:36,400:INFO:Importing untrained model
2021-07-06 14:54:36,411:INFO:Random Forest Regressor Imported succesfully
2021-07-06 14:54:36,442:INFO:Starting cross validation
2021-07-06 14:54:36,443:INFO:Cross validating with TimeSeriesSplit(max_train_size=None, n_splits=3), n_jobs=-1
2021-07-06 14:54:36,974:INFO:Calculating mean and std
2021-07-06 14:54:36,975:INFO:Creating metrics dataframe
2021-07-06 14:54:36,981:INFO:Uploading results into container
2021-07-06 14:54:36,981:INFO:Uploading model into container now
2021-07-06 14:54:36,981:INFO:create_model_container: 12
2021-07-06 14:54:36,981:INFO:master_model_container: 12
2021-07-06 14:54:36,982:INFO:display_container: 2
2021-07-06 14:54:36,983:INFO:PowerTransformedTargetRegressor(bootstrap=True, ccp_alpha=0.0, criterion='mse',
                                max_depth=None, max_features='auto',
                                max_leaf_nodes=None, max_samples=None,
                                min_impurity_decrease=0.0,
                                min_impurity_split=None, min_samples_leaf=1,
                                min_samples_split=2,
                                min_weight_fraction_leaf=0.0, n_estimators=100,
                                n_jobs=-1, oob_score=False,
                                power_transformer_method='box-cox',
                                power...
                                regressor=RandomForestRegressor(bootstrap=True,
                                                                ccp_alpha=0.0,
                                                                criterion='mse',
                                                                max_depth=None,
                                                                max_features='auto',
                                                                max_leaf_nodes=None,
                                                                max_samples=None,
                                                                min_impurity_decrease=0.0,
                                                                min_impurity_split=None,
                                                                min_samples_leaf=1,
                                                                min_samples_split=2,
                                                                min_weight_fraction_leaf=0.0,
                                                                n_estimators=100,
                                                                n_jobs=-1,
                                                                oob_score=False,
                                                                random_state=42,
                                                                verbose=0,
                                                                warm_start=False),
                                verbose=0, warm_start=False)
2021-07-06 14:54:36,983:INFO:create_model() succesfully completed......................................
2021-07-06 14:54:37,132:INFO:SubProcess create_model() end ==================================
2021-07-06 14:54:37,133:INFO:Creating metrics dataframe
2021-07-06 14:54:37,164:INFO:Initializing Extra Trees Regressor
2021-07-06 14:54:37,164:INFO:Total runtime is 0.370542585849762 minutes
2021-07-06 14:54:37,174:INFO:SubProcess create_model() called ==================================
2021-07-06 14:54:37,174:INFO:Initializing create_model()
2021-07-06 14:54:37,174:INFO:create_model(kwargs={}, display=<pycaret.internal.Display.Display object at 0x7f989a4ef978>, metrics=None, system=False, verbose=False, refit=False, groups=None, fit_kwargs={}, predict=True, cross_validation=True, round=4, fold=TimeSeriesSplit(max_train_size=None, n_splits=3), estimator=et)
2021-07-06 14:54:37,174:INFO:Checking exceptions
2021-07-06 14:54:37,174:INFO:Importing libraries
2021-07-06 14:54:37,175:INFO:Copying training dataset
2021-07-06 14:54:37,175:INFO:Defining folds
2021-07-06 14:54:37,176:INFO:Declaring metric variables
2021-07-06 14:54:37,185:INFO:Importing untrained model
2021-07-06 14:54:37,194:INFO:Extra Trees Regressor Imported succesfully
2021-07-06 14:54:37,213:INFO:Starting cross validation
2021-07-06 14:54:37,214:INFO:Cross validating with TimeSeriesSplit(max_train_size=None, n_splits=3), n_jobs=-1
2021-07-06 14:54:39,190:INFO:Calculating mean and std
2021-07-06 14:54:39,192:INFO:Creating metrics dataframe
2021-07-06 14:54:39,199:INFO:Uploading results into container
2021-07-06 14:54:39,199:INFO:Uploading model into container now
2021-07-06 14:54:39,200:INFO:create_model_container: 13
2021-07-06 14:54:39,200:INFO:master_model_container: 13
2021-07-06 14:54:39,200:INFO:display_container: 2
2021-07-06 14:54:39,202:INFO:PowerTransformedTargetRegressor(bootstrap=False, ccp_alpha=0.0, criterion='mse',
                                max_depth=None, max_features='auto',
                                max_leaf_nodes=None, max_samples=None,
                                min_impurity_decrease=0.0,
                                min_impurity_split=None, min_samples_leaf=1,
                                min_samples_split=2,
                                min_weight_fraction_leaf=0.0, n_estimators=100,
                                n_jobs=-1, oob_score=False,
                                power_transformer_method='box-cox',
                                powe...
                                regressor=ExtraTreesRegressor(bootstrap=False,
                                                              ccp_alpha=0.0,
                                                              criterion='mse',
                                                              max_depth=None,
                                                              max_features='auto',
                                                              max_leaf_nodes=None,
                                                              max_samples=None,
                                                              min_impurity_decrease=0.0,
                                                              min_impurity_split=None,
                                                              min_samples_leaf=1,
                                                              min_samples_split=2,
                                                              min_weight_fraction_leaf=0.0,
                                                              n_estimators=100,
                                                              n_jobs=-1,
                                                              oob_score=False,
                                                              random_state=42,
                                                              verbose=0,
                                                              warm_start=False),
                                verbose=0, warm_start=False)
2021-07-06 14:54:39,202:INFO:create_model() succesfully completed......................................
2021-07-06 14:54:39,368:INFO:SubProcess create_model() end ==================================
2021-07-06 14:54:39,368:INFO:Creating metrics dataframe
2021-07-06 14:54:39,402:INFO:Initializing AdaBoost Regressor
2021-07-06 14:54:39,402:INFO:Total runtime is 0.40783670345942186 minutes
2021-07-06 14:54:39,411:INFO:SubProcess create_model() called ==================================
2021-07-06 14:54:39,412:INFO:Initializing create_model()
2021-07-06 14:54:39,412:INFO:create_model(kwargs={}, display=<pycaret.internal.Display.Display object at 0x7f989a4ef978>, metrics=None, system=False, verbose=False, refit=False, groups=None, fit_kwargs={}, predict=True, cross_validation=True, round=4, fold=TimeSeriesSplit(max_train_size=None, n_splits=3), estimator=ada)
2021-07-06 14:54:39,412:INFO:Checking exceptions
2021-07-06 14:54:39,412:INFO:Importing libraries
2021-07-06 14:54:39,412:INFO:Copying training dataset
2021-07-06 14:54:39,413:INFO:Defining folds
2021-07-06 14:54:39,413:INFO:Declaring metric variables
2021-07-06 14:54:39,422:INFO:Importing untrained model
2021-07-06 14:54:39,431:INFO:AdaBoost Regressor Imported succesfully
2021-07-06 14:54:39,449:INFO:Starting cross validation
2021-07-06 14:54:39,450:INFO:Cross validating with TimeSeriesSplit(max_train_size=None, n_splits=3), n_jobs=-1
2021-07-06 14:54:39,566:INFO:Calculating mean and std
2021-07-06 14:54:39,567:INFO:Creating metrics dataframe
2021-07-06 14:54:39,572:INFO:Uploading results into container
2021-07-06 14:54:39,572:INFO:Uploading model into container now
2021-07-06 14:54:39,572:INFO:create_model_container: 14
2021-07-06 14:54:39,572:INFO:master_model_container: 14
2021-07-06 14:54:39,572:INFO:display_container: 2
2021-07-06 14:54:39,573:INFO:PowerTransformedTargetRegressor(base_estimator=None, learning_rate=1.0,
                                loss='linear', n_estimators=50,
                                power_transformer_method='box-cox',
                                power_transformer_standardize=True,
                                random_state=42,
                                regressor=AdaBoostRegressor(base_estimator=None,
                                                            learning_rate=1.0,
                                                            loss='linear',
                                                            n_estimators=50,
                                                            random_state=42))
2021-07-06 14:54:39,573:INFO:create_model() succesfully completed......................................
2021-07-06 14:54:39,725:INFO:SubProcess create_model() end ==================================
2021-07-06 14:54:39,726:INFO:Creating metrics dataframe
2021-07-06 14:54:39,762:INFO:Initializing Gradient Boosting Regressor
2021-07-06 14:54:39,762:INFO:Total runtime is 0.41384311517079675 minutes
2021-07-06 14:54:39,772:INFO:SubProcess create_model() called ==================================
2021-07-06 14:54:39,772:INFO:Initializing create_model()
2021-07-06 14:54:39,773:INFO:create_model(kwargs={}, display=<pycaret.internal.Display.Display object at 0x7f989a4ef978>, metrics=None, system=False, verbose=False, refit=False, groups=None, fit_kwargs={}, predict=True, cross_validation=True, round=4, fold=TimeSeriesSplit(max_train_size=None, n_splits=3), estimator=gbr)
2021-07-06 14:54:39,773:INFO:Checking exceptions
2021-07-06 14:54:39,773:INFO:Importing libraries
2021-07-06 14:54:39,773:INFO:Copying training dataset
2021-07-06 14:54:39,774:INFO:Defining folds
2021-07-06 14:54:39,774:INFO:Declaring metric variables
2021-07-06 14:54:39,783:INFO:Importing untrained model
2021-07-06 14:54:39,792:INFO:Gradient Boosting Regressor Imported succesfully
2021-07-06 14:54:39,811:INFO:Starting cross validation
2021-07-06 14:54:39,812:INFO:Cross validating with TimeSeriesSplit(max_train_size=None, n_splits=3), n_jobs=-1
2021-07-06 14:54:39,888:INFO:Calculating mean and std
2021-07-06 14:54:39,889:INFO:Creating metrics dataframe
2021-07-06 14:54:39,895:INFO:Uploading results into container
2021-07-06 14:54:39,895:INFO:Uploading model into container now
2021-07-06 14:54:39,895:INFO:create_model_container: 15
2021-07-06 14:54:39,896:INFO:master_model_container: 15
2021-07-06 14:54:39,896:INFO:display_container: 2
2021-07-06 14:54:39,898:INFO:PowerTransformedTargetRegressor(alpha=0.9, ccp_alpha=0.0,
                                criterion='friedman_mse', init=None,
                                learning_rate=0.1, loss='ls', max_depth=3,
                                max_features=None, max_leaf_nodes=None,
                                min_impurity_decrease=0.0,
                                min_impurity_split=None, min_samples_leaf=1,
                                min_samples_split=2,
                                min_weight_fraction_leaf=0.0, n_estimators=100,
                                n_iter_no_change=None,
                                power_transformer_method...
                                                                    max_leaf_nodes=None,
                                                                    min_impurity_decrease=0.0,
                                                                    min_impurity_split=None,
                                                                    min_samples_leaf=1,
                                                                    min_samples_split=2,
                                                                    min_weight_fraction_leaf=0.0,
                                                                    n_estimators=100,
                                                                    n_iter_no_change=None,
                                                                    presort='deprecated',
                                                                    random_state=42,
                                                                    subsample=1.0,
                                                                    tol=0.0001,
                                                                    validation_fraction=0.1,
                                                                    verbose=0,
                                                                    warm_start=False),
                                subsample=1.0, tol=0.0001,
                                validation_fraction=0.1, verbose=0,
                                warm_start=False)
2021-07-06 14:54:39,898:INFO:create_model() succesfully completed......................................
2021-07-06 14:54:40,060:INFO:SubProcess create_model() end ==================================
2021-07-06 14:54:40,061:INFO:Creating metrics dataframe
2021-07-06 14:54:40,096:INFO:Initializing Extreme Gradient Boosting
2021-07-06 14:54:40,096:INFO:Total runtime is 0.41940912008285525 minutes
2021-07-06 14:54:40,106:INFO:SubProcess create_model() called ==================================
2021-07-06 14:54:40,106:INFO:Initializing create_model()
2021-07-06 14:54:40,106:INFO:create_model(kwargs={}, display=<pycaret.internal.Display.Display object at 0x7f989a4ef978>, metrics=None, system=False, verbose=False, refit=False, groups=None, fit_kwargs={}, predict=True, cross_validation=True, round=4, fold=TimeSeriesSplit(max_train_size=None, n_splits=3), estimator=xgboost)
2021-07-06 14:54:40,106:INFO:Checking exceptions
2021-07-06 14:54:40,106:INFO:Importing libraries
2021-07-06 14:54:40,107:INFO:Copying training dataset
2021-07-06 14:54:40,107:INFO:Defining folds
2021-07-06 14:54:40,107:INFO:Declaring metric variables
2021-07-06 14:54:40,117:INFO:Importing untrained model
2021-07-06 14:54:40,126:INFO:Extreme Gradient Boosting Imported succesfully
2021-07-06 14:54:40,146:INFO:Starting cross validation
2021-07-06 14:54:40,147:INFO:Cross validating with TimeSeriesSplit(max_train_size=None, n_splits=3), n_jobs=-1
2021-07-06 14:54:40,535:INFO:Calculating mean and std
2021-07-06 14:54:40,536:INFO:Creating metrics dataframe
2021-07-06 14:54:40,541:INFO:Uploading results into container
2021-07-06 14:54:40,541:INFO:Uploading model into container now
2021-07-06 14:54:40,541:INFO:create_model_container: 16
2021-07-06 14:54:40,542:INFO:master_model_container: 16
2021-07-06 14:54:40,542:INFO:display_container: 2
2021-07-06 14:54:40,545:INFO:PowerTransformedTargetRegressor(base_score=None, booster='gbtree',
                                colsample_bylevel=None, colsample_bynode=None,
                                colsample_bytree=None, gamma=None, gpu_id=None,
                                importance_type='gain',
                                interaction_constraints=None,
                                learning_rate=None, max_delta_step=None,
                                max_depth=None, min_child_weight=None,
                                missing=nan, monotone_constraints=None,
                                n_estimators=100, n_jobs=-1,
                                nu...
                                                       missing=nan,
                                                       monotone_constraints=None,
                                                       n_estimators=100,
                                                       n_jobs=-1,
                                                       num_parallel_tree=None,
                                                       objective='reg:squarederror',
                                                       random_state=42,
                                                       reg_alpha=None,
                                                       reg_lambda=None,
                                                       scale_pos_weight=None,
                                                       subsample=None,
                                                       tree_method='auto',
                                                       validate_parameters=None,
                                                       verbosity=0),
                                scale_pos_weight=None, subsample=None,
                                tree_method='auto', validate_parameters=None,
                                verbosity=0)
2021-07-06 14:54:40,545:INFO:create_model() succesfully completed......................................
2021-07-06 14:54:40,693:INFO:SubProcess create_model() end ==================================
2021-07-06 14:54:40,693:INFO:Creating metrics dataframe
2021-07-06 14:54:40,723:INFO:Initializing Light Gradient Boosting Machine
2021-07-06 14:54:40,724:INFO:Total runtime is 0.4298665523529053 minutes
2021-07-06 14:54:40,735:INFO:SubProcess create_model() called ==================================
2021-07-06 14:54:40,735:INFO:Initializing create_model()
2021-07-06 14:54:40,735:INFO:create_model(kwargs={}, display=<pycaret.internal.Display.Display object at 0x7f989a4ef978>, metrics=None, system=False, verbose=False, refit=False, groups=None, fit_kwargs={}, predict=True, cross_validation=True, round=4, fold=TimeSeriesSplit(max_train_size=None, n_splits=3), estimator=lightgbm)
2021-07-06 14:54:40,735:INFO:Checking exceptions
2021-07-06 14:54:40,735:INFO:Importing libraries
2021-07-06 14:54:40,735:INFO:Copying training dataset
2021-07-06 14:54:40,736:INFO:Defining folds
2021-07-06 14:54:40,736:INFO:Declaring metric variables
2021-07-06 14:54:40,757:INFO:Importing untrained model
2021-07-06 14:54:40,777:INFO:Light Gradient Boosting Machine Imported succesfully
2021-07-06 14:54:40,804:INFO:Starting cross validation
2021-07-06 14:54:40,805:INFO:Cross validating with TimeSeriesSplit(max_train_size=None, n_splits=3), n_jobs=-1
2021-07-06 14:54:42,296:INFO:Calculating mean and std
2021-07-06 14:54:42,297:INFO:Creating metrics dataframe
2021-07-06 14:54:42,302:INFO:Uploading results into container
2021-07-06 14:54:42,303:INFO:Uploading model into container now
2021-07-06 14:54:42,303:INFO:create_model_container: 17
2021-07-06 14:54:42,303:INFO:master_model_container: 17
2021-07-06 14:54:42,303:INFO:display_container: 2
2021-07-06 14:54:42,305:INFO:PowerTransformedTargetRegressor(boosting_type='gbdt', class_weight=None,
                                colsample_bytree=1.0, importance_type='split',
                                learning_rate=0.1, max_depth=-1,
                                min_child_samples=20, min_child_weight=0.001,
                                min_split_gain=0.0, n_estimators=100, n_jobs=-1,
                                num_leaves=31, objective=None,
                                power_transformer_method='box-cox',
                                power_transformer_standardize=True,
                                random_state=4...
                                                        importance_type='split',
                                                        learning_rate=0.1,
                                                        max_depth=-1,
                                                        min_child_samples=20,
                                                        min_child_weight=0.001,
                                                        min_split_gain=0.0,
                                                        n_estimators=100,
                                                        n_jobs=-1,
                                                        num_leaves=31,
                                                        objective=None,
                                                        random_state=42,
                                                        reg_alpha=0.0,
                                                        reg_lambda=0.0,
                                                        silent=True,
                                                        subsample=1.0,
                                                        subsample_for_bin=200000,
                                                        subsample_freq=0),
                                silent=True, subsample=1.0,
                                subsample_for_bin=200000, subsample_freq=0)
2021-07-06 14:54:42,305:INFO:create_model() succesfully completed......................................
2021-07-06 14:54:42,461:INFO:SubProcess create_model() end ==================================
2021-07-06 14:54:42,461:INFO:Creating metrics dataframe
2021-07-06 14:54:42,497:INFO:Initializing CatBoost Regressor
2021-07-06 14:54:42,497:INFO:Total runtime is 0.45942336320877075 minutes
2021-07-06 14:54:42,507:INFO:SubProcess create_model() called ==================================
2021-07-06 14:54:42,507:INFO:Initializing create_model()
2021-07-06 14:54:42,507:INFO:create_model(kwargs={}, display=<pycaret.internal.Display.Display object at 0x7f989a4ef978>, metrics=None, system=False, verbose=False, refit=False, groups=None, fit_kwargs={}, predict=True, cross_validation=True, round=4, fold=TimeSeriesSplit(max_train_size=None, n_splits=3), estimator=catboost)
2021-07-06 14:54:42,507:INFO:Checking exceptions
2021-07-06 14:54:42,507:INFO:Importing libraries
2021-07-06 14:54:42,508:INFO:Copying training dataset
2021-07-06 14:54:42,508:INFO:Defining folds
2021-07-06 14:54:42,508:INFO:Declaring metric variables
2021-07-06 14:54:42,518:INFO:Importing untrained model
2021-07-06 14:54:42,526:INFO:CatBoost Regressor Imported succesfully
2021-07-06 14:54:42,546:INFO:Starting cross validation
2021-07-06 14:54:42,547:INFO:Cross validating with TimeSeriesSplit(max_train_size=None, n_splits=3), n_jobs=-1
2021-07-06 14:54:43,225:INFO:Calculating mean and std
2021-07-06 14:54:43,226:INFO:Creating metrics dataframe
2021-07-06 14:54:43,230:INFO:Uploading results into container
2021-07-06 14:54:43,230:INFO:Uploading model into container now
2021-07-06 14:54:43,230:INFO:create_model_container: 18
2021-07-06 14:54:43,231:INFO:master_model_container: 18
2021-07-06 14:54:43,231:INFO:display_container: 2
2021-07-06 14:54:43,231:INFO:PowerTransformedTargetRegressor(border_count=254, loss_function='RMSE',
                                power_transformer_method='box-cox',
                                power_transformer_standardize=True,
                                random_state=42,
                                regressor=<catboost.core.CatBoostRegressor object at 0x7f989ec9a278>,
                                task_type='CPU', verbose=False)
2021-07-06 14:54:43,231:INFO:create_model() succesfully completed......................................
2021-07-06 14:54:43,370:INFO:SubProcess create_model() end ==================================
2021-07-06 14:54:43,370:INFO:Creating metrics dataframe
2021-07-06 14:54:43,426:INFO:Initializing create_model()
2021-07-06 14:54:43,426:INFO:create_model(kwargs={}, display=None, metrics=None, system=False, verbose=False, refit=True, groups=None, fit_kwargs={}, predict=False, cross_validation=False, round=4, fold=TimeSeriesSplit(max_train_size=None, n_splits=3), estimator=PowerTransformedTargetRegressor(base_score=None, booster='gbtree',
                                colsample_bylevel=None, colsample_bynode=None,
                                colsample_bytree=None, gamma=None, gpu_id=None,
                                importance_type='gain',
                                interaction_constraints=None,
                                learning_rate=None, max_delta_step=None,
                                max_depth=None, min_child_weight=None,
                                missing=nan, monotone_constraints=None,
                                n_estimators=100, n_jobs=-1,
                                nu...
                                                       missing=nan,
                                                       monotone_constraints=None,
                                                       n_estimators=100,
                                                       n_jobs=-1,
                                                       num_parallel_tree=None,
                                                       objective='reg:squarederror',
                                                       random_state=42,
                                                       reg_alpha=None,
                                                       reg_lambda=None,
                                                       scale_pos_weight=None,
                                                       subsample=None,
                                                       tree_method='auto',
                                                       validate_parameters=None,
                                                       verbosity=0),
                                scale_pos_weight=None, subsample=None,
                                tree_method='auto', validate_parameters=None,
                                verbosity=0))
2021-07-06 14:54:43,427:INFO:Checking exceptions
2021-07-06 14:54:43,427:INFO:Importing libraries
2021-07-06 14:54:43,427:INFO:Copying training dataset
2021-07-06 14:54:43,428:INFO:Defining folds
2021-07-06 14:54:43,428:INFO:Declaring metric variables
2021-07-06 14:54:43,428:INFO:Importing untrained model
2021-07-06 14:54:43,428:INFO:Declaring custom model
2021-07-06 14:54:43,431:INFO:Extreme Gradient Boosting Imported succesfully
2021-07-06 14:54:43,432:INFO:Cross validation set to False
2021-07-06 14:54:43,432:INFO:Fitting Model
